83.400
81.800
84.600
83.800
83.400
81.800
83.200
83.000
83.600
83.600
84.000
83.700
83.800
83.900
81.700
82.200
84.400
83.300
84.200
82.800
81.500
84.000
83.800
83.300
82.600
81.900
81.600
82.200
82.900
82.400
84.200
84.300
83.400
83.700
83.400
83.600
83.900
83.600
82.800
83.600
82.900
84.700
83.200
82.600
83.300
84.100
83.500
83.000
82.800
83.400
83.300
83.700
83.200
82.100
83.300
84.600
83.200
82.700
83.300
82.900
83.800
83.400
83.000
84.700
84.400
83.100
82.100
83.000
83.600
82.300
84.200
83.300
82.800
83.600
83.500
83.400
83.400
83.500
83.100
82.500
82.900
83.800
83.600
84.400
83.500
82.500
84.500
82.500
84.400
84.100
82.800
82.600
82.500
83.000
84.800
84.100
83.900
83.000
84.400
82.000
