72.400
73.000
72.900
74.000
73.300
72.600
73.000
72.500
72.400
73.500
73.000
73.500
72.300
73.300
72.300
73.700
72.600
73.700
73.700
73.500
73.200
72.400
72.500
71.700
72.700
72.700
72.000
72.600
72.300
72.900
72.700
72.900
72.100
74.200
74.000
72.800
73.500
71.100
72.000
73.400
72.000
72.300
73.400
72.800
73.200
73.500
72.800
74.000
72.600
73.400
73.500
72.700
72.800
72.400
72.800
73.900
73.100
73.800
72.800
73.300
72.500
73.300
74.200
72.700
72.800
72.400
71.900
73.600
74.000
73.100
72.400
74.100
72.500
72.400
73.900
72.800
73.000
73.200
74.000
73.500
73.000
72.700
72.400
73.400
72.700
73.600
73.600
73.900
72.000
74.100
73.400
72.800
70.600
73.300
72.300
72.900
72.700
74.100
72.500
73.700
