82.100
82.100
81.700
81.200
80.900
81.600
81.800
81.000
81.400
81.300
80.800
81.600
82.000
81.600
81.900
81.500
81.500
82.000
81.400
80.100
81.100
80.800
82.300
82.100
81.100
81.800
81.500
81.400
80.800
81.400
80.900
81.500
81.400
81.000
81.600
81.300
81.400
81.000
81.300
81.900
81.900
81.500
81.800
80.600
80.800
81.600
81.500
81.300
81.600
81.400
81.700
81.300
81.600
80.600
82.100
81.700
81.600
81.400
79.600
81.100
81.400
81.100
80.200
81.500
81.200
82.000
80.700
81.500
80.700
81.500
81.300
81.500
81.400
81.500
81.600
81.200
81.200
79.300
81.400
81.700
80.600
81.500
80.600
81.900
81.400
81.800
81.000
82.200
81.600
80.000
82.100
81.200
81.500
