81.600
81.700
82.000
82.600
81.500
82.400
82.000
81.900
82.100
81.500
82.500
81.500
82.500
82.000
82.100
81.400
82.000
81.900
82.200
81.900
81.900
81.900
82.000
81.900
82.300
81.700
81.100
82.300
81.800
81.900
82.200
82.000
82.200
81.400
81.700
81.600
81.700
81.800
81.800
82.000
81.200
82.100
81.900
82.300
81.900
82.000
81.000
81.800
80.900
81.400
python3 train.py --dataset ../data/cora --hidden_dim 512 --input_dropout 0.5 --dropout 0 --optimizer adam --lr 0.1 --decay 0.0005 --self_link_weight 1.0 --pre_epoch 200 --epoch 100 --iter 2 --use_gold 0 --draw smp --tau 0.1 --depth 3 --cpu
